
ERROR - 2023-12-20 14:17:57,785 в строке 24 функция "division()" : Ошибка деления на ноль! Число 15 нельзя поделить на число 0
ERROR - 2023-12-20 18:31:00,211 в строке 24 функция "division()" : Ошибка деления на ноль! Число 15 нельзя поделить на число 0
ERROR - 2023-12-20 18:31:19,718 в строке 24 функция "division()" : Ошибка деления на ноль! Число 15 нельзя поделить на число 0
ERROR - 2023-12-20 18:46:50,827 в строке 25 функция "division()" : Ошибка деления на ноль! Число 15 нельзя поделить на число 0
ERROR - 2023-12-20 18:46:57,414 в строке 25 функция "division()" : Ошибка деления на ноль! Число 15 нельзя поделить на число 0
ERROR - 2023-12-20 19:23:36,056 в строке 27 функция "division()" : Ошибка деления на ноль! Число 2.0 нельзя поделить на число 0.0
ERROR - 2023-12-20 19:23:40,473 в строке 27 функция "division()" : Ошибка деления на ноль! Число 2.0 нельзя поделить на число 0.0
WARNING - 2023-12-20 19:28:13,349 в строке 19 функция "<module>()" : Сообщение
INFO - 2023-12-20 19:28:13,362 в строке 26 функция "division()" : a / b = 
WARNING - 2023-12-20 19:28:18,342 в строке 19 функция "<module>()" : Сообщение
INFO - 2023-12-20 19:28:18,353 в строке 26 функция "division()" : a / b = 
INFO - 2023-12-20 19:28:44,395 в строке 26 функция "division()" : a / b = 
INFO - 2023-12-20 19:28:48,604 в строке 26 функция "division()" : a / b = 
INFO - 2023-12-20 21:38:47,036 в строке 17 функция "division()" : a / b = 
INFO - 2023-12-20 21:39:06,236 в строке 17 функция "division()" : a / b = 
INFO - 2023-12-20 21:39:16,842 в строке 17 функция "division()" : a / b = 
INFO - 2023-12-20 21:39:24,729 в строке 17 функция "division()" : a / b = 
INFO - 2023-12-20 21:39:56,871 в строке 17 функция "division()" : a / b = -0.4
INFO - 2023-12-20 21:40:27,841 в строке 17 функция "division()" : 2.0 / -5.0 = -0.4
INFO - 2023-12-20 21:43:24,106 в строке 17 функция "division()" : 2.0 / -5.0 = -0.4
INFO - 2023-12-20 21:43:29,712 в строке 17 функция "division()" : 2.0 / -5.0 = -0.4
ERROR - 2023-12-20 21:43:48,251 в строке 19 функция "division()" : Ошибка деления на ноль! Число 2.0 нельзя поделить на число -0.0
INFO - 2023-12-20 21:44:03,515 в строке 17 функция "division()" : 2.0 / -7.0 = -0.2857142857142857
